** Message: 10:44:10.830: environement.vala:58: Exporting primary_variable
** Message: 10:44:10.831: environement.vala:59: desktop_environnement XDG_CURRENT_DESKTOP
** Message: 10:44:10.831: environement.vala:150: confir_dirs is null, export : /etc/xdg
** Message: 10:44:10.831: environement.vala:184: Exporting XDG_CONFIG_DIRS
** Message: 10:44:10.831: environement.vala:218: custom_data :
** Message: 10:44:10.831: environement.vala:219: data_dirs :/usr/share/fkms:/usr/local/share:/usr/share/raspi-ui-overrides:/usr/share:/usr/share/gdm:/var/lib/menu-xdg
** Message: 10:44:10.831: environement.vala:220: data_dirs not null, export : /usr/share/fkms:/usr/local/share:/usr/share/raspi-ui-overrides:/usr/share:/usr/share/gdm:/var/lib/menu-xdg
** Message: 10:44:10.831: environement.vala:225: Exporting XDG_DATA_DIRS
** Message: 10:44:10.831: utils.vala:138: Config system location : /etc/xdg/lxsession/LXDE-pi
** Message: 10:44:10.835: utils.vala:144: System system path location : /etc/xdg/lxsession/LXDE-pi/desktop.conf
** Message: 10:44:10.835: utils.vala:148: Final file used : /etc/xdg/lxsession/LXDE-pi/desktop.conf
** Message: 10:44:10.835: utils.vala:39: Config system location : /etc/xdg/lxsession/LXDE-pi
** Message: 10:44:10.835: utils.vala:45: System system path location : /etc/xdg/lxsession/LXDE-pi/desktop.conf

** (lxsession:715): WARNING **: 10:44:10.839: utils.vala:70: Нет такого файла или каталога
** Message: 10:44:10.840: settings.vala:540: Файл ключей не содержит ключа «iGtk/ColorScheme» в группе «GTK»
** Message: 10:44:10.840: settings.vala:540: Файл ключей не содержит ключа «windows_manager/command» в группе «Session»
** Message: 10:44:10.840: settings.vala:540: Файл ключей не содержит ключа «panel/command» в группе «Session»
** Message: 10:44:10.840: settings.vala:540: Файл ключей не содержит ключа «dock/command» в группе «Session»
** Message: 10:44:10.840: settings.vala:540: Файл ключей не содержит ключа «file_manager/command» в группе «Session»
** Message: 10:44:10.840: settings.vala:540: Файл ключей не содержит ключа «desktop_manager/command» в группе «Session»
** Message: 10:44:10.840: settings.vala:540: Файл ключей не содержит ключа «launcher_manager/autostart» в группе «Session»
** Message: 10:44:10.840: settings.vala:540: Файл ключей не содержит ключа «composite_manager/command» в группе «Session»
** Message: 10:44:10.840: settings.vala:540: Файл ключей не содержит ключа «im1/command» в группе «Session»
** Message: 10:44:10.840: settings.vala:540: Файл ключей не содержит ключа «im2/command» в группе «Session»
** Message: 10:44:10.840: settings.vala:540: Файл ключей не содержит ключа «widget1/command» в группе «Session»
** Message: 10:44:10.840: settings.vala:540: Файл ключей не содержит ключа «notification/command» в группе «Session»
** Message: 10:44:10.840: settings.vala:540: Файл ключей не содержит ключа «keybindings/command» в группе «Session»
** Message: 10:44:10.840: settings.vala:540: Файл ключей не содержит ключа «im_manager/command» в группе «Session»
** Message: 10:44:10.840: settings.vala:540: Файл ключей не содержит ключа «screensaver/command» в группе «Session»
** Message: 10:44:10.840: settings.vala:540: Файл ключей не содержит ключа «power_manager/command» в группе «Session»
** Message: 10:44:10.840: settings.vala:540: Файл ключей не содержит ключа «audio_manager/command» в группе «Session»
** Message: 10:44:10.840: settings.vala:540: Файл ключей не содержит ключа «workspace_manager/command» в группе «Session»
** Message: 10:44:10.840: settings.vala:540: Файл ключей не содержит ключа «screenshot_manager/command» в группе «Session»
** Message: 10:44:10.840: settings.vala:540: Файл ключей не содержит ключа «message_manager/command» в группе «Session»
** Message: 10:44:10.840: settings.vala:540: Файл ключей не содержит ключа «upgrade_manager/command» в группе «Session»
** Message: 10:44:10.841: settings.vala:540: Файл ключей не содержит ключа «updates_manager/command» в группе «Session»
** Message: 10:44:10.841: settings.vala:540: Файл ключей не содержит ключа «updates_manager/timeout» в группе «Session»
** Message: 10:44:10.841: settings.vala:540: Файл ключей не содержит ключа «crash_manager/command» в группе «Session»
** Message: 10:44:10.841: settings.vala:540: Файл ключей не содержит ключа «crash_manager/dev_mode» в группе «Session»
** Message: 10:44:10.841: settings.vala:540: Файл ключей не содержит ключа «crash_manager/timeout» в группе «Session»
** Message: 10:44:10.841: settings.vala:540: Файл ключей не содержит ключа «upstart_user_session» в группе «Session»
** Message: 10:44:10.841: settings.vala:540: Файл ключей не содержит ключа «proxy_manager/http» в группе «Session»
** Message: 10:44:10.841: settings.vala:540: Файл ключей не содержит ключа «a11y/command» в группе «Session»
** Message: 10:44:10.841: settings.vala:540: Файл ключей не содержит ключа «xrandr/command» в группе «Session»
** Message: 10:44:10.841: settings.vala:540: Файл ключей не содержит ключа «network_gui/command» в группе «Session»
** Message: 10:44:10.841: settings.vala:540: Файл ключей не содержит ключа «webbrowser/command» в группе «Session»
** Message: 10:44:10.841: settings.vala:540: Файл ключей не содержит ключа «email/command» в группе «Session»
** Message: 10:44:10.841: settings.vala:540: Файл ключей не содержит ключа «pdf_reader/command» в группе «Session»
** Message: 10:44:10.841: settings.vala:540: Файл ключей не содержит ключа «video_player/command» в группе «Session»
** Message: 10:44:10.841: settings.vala:540: Файл ключей не содержит ключа «audio_player/command» в группе «Session»
** Message: 10:44:10.841: settings.vala:540: Файл ключей не содержит ключа «image_display/command» в группе «Session»
** Message: 10:44:10.841: settings.vala:540: Файл ключей не содержит ключа «text_editor/command» в группе «Session»
** Message: 10:44:10.841: settings.vala:540: Файл ключей не содержит ключа «archive/command» в группе «Session»
** Message: 10:44:10.841: settings.vala:540: Файл ключей не содержит ключа «charmap/command» в группе «Session»
** Message: 10:44:10.841: settings.vala:540: Файл ключей не содержит ключа «calculator/command» в группе «Session»
** Message: 10:44:10.841: settings.vala:540: Файл ключей не содержит ключа «spreadsheet/command» в группе «Session»
** Message: 10:44:10.841: settings.vala:540: Файл ключей не содержит ключа «bittorent/command» в группе «Session»
** Message: 10:44:10.842: settings.vala:540: Файл ключей не содержит ключа «document/command» в группе «Session»
** Message: 10:44:10.842: settings.vala:540: Файл ключей не содержит ключа «webcam/command» в группе «Session»
** Message: 10:44:10.842: settings.vala:540: Файл ключей не содержит ключа «burn/command» в группе «Session»
** Message: 10:44:10.842: settings.vala:540: Файл ключей не содержит ключа «notes/command» в группе «Session»
** Message: 10:44:10.842: settings.vala:540: Файл ключей не содержит ключа «disk_utility/command» в группе «Session»
** Message: 10:44:10.842: settings.vala:540: Файл ключей не содержит ключа «tasks/command» в группе «Session»
** Message: 10:44:10.842: settings.vala:540: Файл ключей не содержит группу «Keymap»
** Message: 10:44:10.842: settings.vala:540: Файл ключей не содержит ключа «laptop_mode» в группе «State»
** Message: 10:44:10.842: settings.vala:540: Файл ключей не содержит ключа «gnome» в группе «Dbus»
** Message: 10:44:10.842: settings.vala:540: Файл ключей не содержит ключа «type» в группе «Environment»
** Message: 10:44:10.842: settings.vala:540: Файл ключей не содержит ключа «ubuntu_menuproxy» в группе «Environment»
** Message: 10:44:10.842: settings.vala:540: Файл ключей не содержит ключа «toolkit_integration» в группе «Environment»
** Message: 10:44:10.842: settings.vala:540: Файл ключей не содержит ключа «gtk/overlay_scrollbar_disable» в группе «Environment»
** Message: 10:44:10.842: settings.vala:540: Файл ключей не содержит ключа «qt/force_theme» в группе «Environment»
** Message: 10:44:10.842: settings.vala:540: Файл ключей не содержит ключа «qt/platform» в группе «Environment»
** Message: 10:44:10.843: settings.vala:462: Monitoring: /etc/xdg/lxsession/LXDE-pi/desktop.conf
** Message: 10:44:10.843: settings.vala:470: Desktop file is not in config home, monitoring creation of it
** Message: 10:44:10.843: settings.vala:485: Monitoring home path: /home/pi/.config/lxsession/LXDE-pi/desktop.conf
** Message: 10:44:10.843: environement.vala:79: Exporting variable
** Message: 10:44:10.843: environement.vala:80: desktop_environnement XDG_CURRENT_DESKTOP
** Message: 10:44:10.843: environement.vala:177: custom_config :
** Message: 10:44:10.843: environement.vala:178: config_dirs :/etc/xdg
** Message: 10:44:10.843: environement.vala:179: confir_dirs not null, export : /etc/xdg
** Message: 10:44:10.843: environement.vala:184: Exporting XDG_CONFIG_DIRS
** Message: 10:44:10.843: environement.vala:218: custom_data :
** Message: 10:44:10.843: environement.vala:219: data_dirs :/usr/share/fkms:/usr/local/share:/usr/share/raspi-ui-overrides:/usr/share:/usr/share/gdm:/var/lib/menu-xdg
** Message: 10:44:10.843: environement.vala:220: data_dirs not null, export : /usr/share/fkms:/usr/local/share:/usr/share/raspi-ui-overrides:/usr/share:/usr/share/gdm:/var/lib/menu-xdg
** Message: 10:44:10.843: environement.vala:225: Exporting XDG_DATA_DIRS
** Message: 10:44:10.843: utils.vala:39: Config system location : /etc/xdg/lxsession/LXDE-pi
** Message: 10:44:10.843: utils.vala:45: System system path location : /etc/xdg/lxsession/LXDE-pi/desktop.conf

** (lxsession:715): WARNING **: 10:44:10.844: utils.vala:70: Нет такого файла или каталога
** Message: 10:44:10.844: environement.vala:254: No entry in [Environment_variable]. Файл ключей не содержит группу «Environment_variable»

** (lxsession:715): WARNING **: 10:44:10.847: process.vala:49: Не удалось выполнить процесс-потомок «xprop» (Нет такого файла или каталога)

** (lxsession:715): WARNING **: 10:44:10.847: process.vala:50: Error when launching xprop
** Message: 10:44:10.847: utils.vala:138: Config system location : /etc/xdg/lxsession/LXDE-pi
** Message: 10:44:10.847: utils.vala:144: System system path location : /etc/xdg/lxsession/LXDE-pi/conffiles.conf
** Message: 10:44:10.847: utils.vala:148: Final file used : /etc/xdg/lxsession/LXDE-pi/conffiles.conf
** Message: 10:44:10.847: options.vala:164: Activate xsettings_manager build-in
** Message: 10:44:10.847: utils.vala:39: Config system location : /etc/xdg/lxsession/LXDE-pi
** Message: 10:44:10.847: utils.vala:45: System system path location : /etc/xdg/lxsession/LXDE-pi/desktop.conf

** (lxsession:715): WARNING **: 10:44:10.847: utils.vala:70: Нет такого файла или каталога
** Message: 10:44:10.860: app.vala:728: polkit separate
** Message: 10:44:10.860: app.vala:728: polkit separate
** Message: 10:44:10.870: app.vala:76: Launching lxpolkit 
** Message: 10:44:10.871: utils.vala:138: Config system location : /etc/xdg/lxsession/LXDE-pi
** Message: 10:44:10.871: utils.vala:144: System system path location : /etc/xdg/lxsession/LXDE-pi/autostart
** Message: 10:44:10.871: utils.vala:148: Final file used : /etc/xdg/lxsession/LXDE-pi/autostart
** Message: 10:44:10.871: autostart.vala:42: Autostart path : /etc/xdg/lxsession/LXDE-pi/autostart
** Message: 10:44:10.884: app.vala:76: Launching lxpanel 
** Message: 10:44:10.898: app.vala:76: Launching pcmanfm 

** (lxsession:715): WARNING **: 10:44:10.902: app.vala:86: Не удалось выполнить процесс-потомок «xscreensaver» (Нет такого файла или каталога)

** (lxsession:715): WARNING **: 10:44:10.902: app.vala:87: Error when launching xscreensaver
** Message: 10:44:10.912: options.vala:107: Create build-in Clipboard
** Message: 10:44:10.915: main.vala:450: Check keymap_mode (null)
** Message: 10:44:10.918: app.vala:76: Launching /usr/bin/ssh-agent 
SSH_AUTH_SOCK=/tmp/ssh-8GJlpVjzd1Ci/agent.885; export SSH_AUTH_SOCK;
SSH_AGENT_PID=892; export SSH_AGENT_PID;
echo Agent pid 892;
** Message: 10:44:11.316: app.vala:130: /usr/bin/ssh-agent exit with this type of exit: 0
** Message: 10:44:12.629: x-terminal-emulator has very limited support, consider choosing another terminal
** Message: 10:44:12.837: x-terminal-emulator has very limited support, consider choosing another terminal
grep: /home/pi/.config/lxpanel/LXDE-pi/panels/*: Нет такого файла или каталога

(mutter:870): Clutter-WARNING **: 10:44:14.063: Bogus presentation time 0 travelled back in time, using current time.
** Message: 10:44:14.564: dhcpcdui: dhcpcd service not running; plugin hidden
** Message: 10:44:14.729: ptbatt: battery 0 not found
** Message: 10:44:15.038: up: Checking for updates
** Message: 10:54:28.359: up: Error updating cache - E: http://security.debian.org/debian-security bullseye-security InRelease is not (yet) available (Временная ошибка при разрешении «security.debian.org»)
E: http://archive.raspberrypi.org/debian bullseye InRelease is not (yet) available (Временная ошибка при разрешении «archive.raspberrypi.org»)
E: https://download.docker.com/linux/debian bullseye InRelease is not (yet) available (Временная ошибка при разрешении «download.docker.com»)
E: http://deb.debian.org/debian bullseye InRelease is not (yet) available (Временная ошибка при разрешении «deb.debian.org»)

